C:\Users\HOLIC\Desktop\—–\pb_tg_ml\src\evaluate.py:39: UserWarning: Glyph 23454 (\N{CJK UNIFIED IDEOGRAPH-5B9E}) missing from font(s) DejaVu Sans.
  plt.tight_layout()
C:\Users\HOLIC\Desktop\—–\pb_tg_ml\src\evaluate.py:39: UserWarning: Glyph 27979 (\N{CJK UNIFIED IDEOGRAPH-6D4B}) missing from font(s) DejaVu Sans.
  plt.tight_layout()
C:\Users\HOLIC\Desktop\—–\pb_tg_ml\src\evaluate.py:39: UserWarning: Glyph 39044 (\N{CJK UNIFIED IDEOGRAPH-9884}) missing from font(s) DejaVu Sans.
  plt.tight_layout()
C:\Users\HOLIC\Desktop\—–\pb_tg_ml\src\evaluate.py:39: UserWarning: Glyph 20540 (\N{CJK UNIFIED IDEOGRAPH-503C}) missing from font(s) DejaVu Sans.
  plt.tight_layout()
C:\Users\HOLIC\Desktop\—–\pb_tg_ml\src\evaluate.py:40: UserWarning: Glyph 39044 (\N{CJK UNIFIED IDEOGRAPH-9884}) missing from font(s) DejaVu Sans.
  plt.savefig(save_path, dpi=300)
C:\Users\HOLIC\Desktop\—–\pb_tg_ml\src\evaluate.py:40: UserWarning: Glyph 27979 (\N{CJK UNIFIED IDEOGRAPH-6D4B}) missing from font(s) DejaVu Sans.
  plt.savefig(save_path, dpi=300)
C:\Users\HOLIC\Desktop\—–\pb_tg_ml\src\evaluate.py:40: UserWarning: Glyph 20540 (\N{CJK UNIFIED IDEOGRAPH-503C}) missing from font(s) DejaVu Sans.
  plt.savefig(save_path, dpi=300)
C:\Users\HOLIC\Desktop\—–\pb_tg_ml\src\evaluate.py:40: UserWarning: Glyph 23454 (\N{CJK UNIFIED IDEOGRAPH-5B9E}) missing from font(s) DejaVu Sans.
  plt.savefig(save_path, dpi=300)
C:\Users\HOLIC\Desktop\—–\pb_tg_ml\src\evaluate.py:52: UserWarning: Glyph 39044 (\N{CJK UNIFIED IDEOGRAPH-9884}) missing from font(s) DejaVu Sans.
  plt.tight_layout()
C:\Users\HOLIC\Desktop\—–\pb_tg_ml\src\evaluate.py:52: UserWarning: Glyph 27979 (\N{CJK UNIFIED IDEOGRAPH-6D4B}) missing from font(s) DejaVu Sans.
  plt.tight_layout()
C:\Users\HOLIC\Desktop\—–\pb_tg_ml\src\evaluate.py:52: UserWarning: Glyph 27531 (\N{CJK UNIFIED IDEOGRAPH-6B8B}) missing from font(s) DejaVu Sans.
  plt.tight_layout()
C:\Users\HOLIC\Desktop\—–\pb_tg_ml\src\evaluate.py:52: UserWarning: Glyph 24046 (\N{CJK UNIFIED IDEOGRAPH-5DEE}) missing from font(s) DejaVu Sans.
  plt.tight_layout()
C:\Users\HOLIC\Desktop\—–\pb_tg_ml\src\evaluate.py:52: UserWarning: Glyph 23454 (\N{CJK UNIFIED IDEOGRAPH-5B9E}) missing from font(s) DejaVu Sans.
  plt.tight_layout()
C:\Users\HOLIC\Desktop\—–\pb_tg_ml\src\evaluate.py:52: UserWarning: Glyph 22270 (\N{CJK UNIFIED IDEOGRAPH-56FE}) missing from font(s) DejaVu Sans.
  plt.tight_layout()
C:\Users\HOLIC\Desktop\—–\pb_tg_ml\src\evaluate.py:53: UserWarning: Glyph 27531 (\N{CJK UNIFIED IDEOGRAPH-6B8B}) missing from font(s) DejaVu Sans.
  plt.savefig(save_path, dpi=300)
C:\Users\HOLIC\Desktop\—–\pb_tg_ml\src\evaluate.py:53: UserWarning: Glyph 24046 (\N{CJK UNIFIED IDEOGRAPH-5DEE}) missing from font(s) DejaVu Sans.
  plt.savefig(save_path, dpi=300)
C:\Users\HOLIC\Desktop\—–\pb_tg_ml\src\evaluate.py:53: UserWarning: Glyph 23454 (\N{CJK UNIFIED IDEOGRAPH-5B9E}) missing from font(s) DejaVu Sans.
  plt.savefig(save_path, dpi=300)
C:\Users\HOLIC\Desktop\—–\pb_tg_ml\src\evaluate.py:53: UserWarning: Glyph 27979 (\N{CJK UNIFIED IDEOGRAPH-6D4B}) missing from font(s) DejaVu Sans.
  plt.savefig(save_path, dpi=300)
C:\Users\HOLIC\Desktop\—–\pb_tg_ml\src\evaluate.py:53: UserWarning: Glyph 39044 (\N{CJK UNIFIED IDEOGRAPH-9884}) missing from font(s) DejaVu Sans.
  plt.savefig(save_path, dpi=300)
C:\Users\HOLIC\Desktop\—–\pb_tg_ml\src\evaluate.py:53: UserWarning: Glyph 22270 (\N{CJK UNIFIED IDEOGRAPH-56FE}) missing from font(s) DejaVu Sans.
  plt.savefig(save_path, dpi=300)
C:\Users\HOLIC\Desktop\—–\pb_tg_ml\src\evaluate.py:90: UserWarning: Glyph 29305 (\N{CJK UNIFIED IDEOGRAPH-7279}) missing from font(s) DejaVu Sans.
  plt.tight_layout()
C:\Users\HOLIC\Desktop\—–\pb_tg_ml\src\evaluate.py:90: UserWarning: Glyph 24449 (\N{CJK UNIFIED IDEOGRAPH-5F81}) missing from font(s) DejaVu Sans.
  plt.tight_layout()
C:\Users\HOLIC\Desktop\—–\pb_tg_ml\src\evaluate.py:90: UserWarning: Glyph 37325 (\N{CJK UNIFIED IDEOGRAPH-91CD}) missing from font(s) DejaVu Sans.
  plt.tight_layout()
C:\Users\HOLIC\Desktop\—–\pb_tg_ml\src\evaluate.py:90: UserWarning: Glyph 35201 (\N{CJK UNIFIED IDEOGRAPH-8981}) missing from font(s) DejaVu Sans.
  plt.tight_layout()
C:\Users\HOLIC\Desktop\—–\pb_tg_ml\src\evaluate.py:90: UserWarning: Glyph 24615 (\N{CJK UNIFIED IDEOGRAPH-6027}) missing from font(s) DejaVu Sans.
  plt.tight_layout()
C:\Users\HOLIC\Desktop\—–\pb_tg_ml\src\evaluate.py:91: UserWarning: Glyph 29305 (\N{CJK UNIFIED IDEOGRAPH-7279}) missing from font(s) DejaVu Sans.
  plt.savefig(save_path, dpi=300)
C:\Users\HOLIC\Desktop\—–\pb_tg_ml\src\evaluate.py:91: UserWarning: Glyph 24449 (\N{CJK UNIFIED IDEOGRAPH-5F81}) missing from font(s) DejaVu Sans.
  plt.savefig(save_path, dpi=300)
C:\Users\HOLIC\Desktop\—–\pb_tg_ml\src\evaluate.py:91: UserWarning: Glyph 37325 (\N{CJK UNIFIED IDEOGRAPH-91CD}) missing from font(s) DejaVu Sans.
  plt.savefig(save_path, dpi=300)
C:\Users\HOLIC\Desktop\—–\pb_tg_ml\src\evaluate.py:91: UserWarning: Glyph 35201 (\N{CJK UNIFIED IDEOGRAPH-8981}) missing from font(s) DejaVu Sans.
  plt.savefig(save_path, dpi=300)
C:\Users\HOLIC\Desktop\—–\pb_tg_ml\src\evaluate.py:91: UserWarning: Glyph 24615 (\N{CJK UNIFIED IDEOGRAPH-6027}) missing from font(s) DejaVu Sans.
  plt.savefig(save_path, dpi=300)
[1/7] ∂¡»° ˝æð...
[2/7]  ˝æð‘§¥¶¿Ì”ÎÃÿ’˜ππΩ®...
—˘±æ ˝=17, Ãÿ’˜ ˝=6, Ãÿ’˜=['cis_1_4_pct', 'trans_1_4_pct', 'vinyl_1_2_pct', 'Mn', 'Mw', 'PDI']
[3/7] ª˘œþƒ£–Õ∂‘±»£®÷ÿ∏¥K’€£©...
[4/7] ÀÊª˙…≠¡÷µ˜≤Œ...
[5/7] ◊Ó÷’ƒ£–Õ÷ÿ∏¥K’€∆¿π¿...
[6/7] «∂Ã◊CV∆¿π¿£®∑¿–≈œ¢–π¬©£©...
[7/7] …˙≥…ø… ”ªØ”Î±£¥Êƒ£–Õ...

===== ‘À––ÕÍ≥… =====
ª˘œþ∂‘±»Œƒº˛: outputs\metrics\model_benchmark.csv
◊Ó÷’CV÷∏±Í: outputs\metrics\random_forest_cv_metrics.json
«∂Ã◊CV÷∏±Í: outputs\metrics\random_forest_nested_cv_metrics.json
µ˜≤ŒΩ·π˚: outputs\metrics\best_params.json
ø… ”ªØƒø¬º: outputs\figures
ƒ£–ÕŒƒº˛: outputs\models\random_forest_tg_model.joblib
ªÊÕºCVµ•¥Œ÷∏±Í£®”√”⁄ø… ”ªØ£©£∫ R2=0.775, MAE=9.137, RMSE=12.219
